Get compiler version using: ftn -V
/opt/cray/pe/craype/2.5.5/bin/ftn

pgf90 16.5-0 64-bit target on x86-64 Linux -tp haswell 
The Portland Group - PGI Compilers and Tools
Copyright (c) 2016, NVIDIA CORPORATION.  All rights reserved.
<-- compiler version ----

running: look_for_makedepend()
 --> set MAKEDEPEND=$(TOOLSDIR)/xmakedepend

running: check_HAVE_CLOC()
 running: get_fortran_c_namemangling()
 cc -c genmake_test.c
 ftn -byteswapio -Mnodclchk -c genmake_tcomp.f
 --> set FC_NAMEMANGLE='#define FC_NAMEMANGLE(X)  X ## _'
cc -c genmake_tc_1.c
ftn -byteswapio -Mnodclchk -o genmake_tc genmake_tc_2.f genmake_tc_1.o
genmake_tc_2.f:
  HELLO WORLD    1557261567.608632     
 --> set HAVE_CLOC='t'

running: check_HAVE_SETRLSTK()
cc -c genmake_tc_1.c
      program hello
      external setrlstk
      call setrlstk()
      end
ftn -byteswapio -Mnodclchk -o genmake_tc genmake_tc_2.f genmake_tc_1.o
genmake_tc_2.f:
 --> set HAVE_SETRLSTK='t'

running: check_HAVE_SIGREG()
cc -c genmake_tc_1.c
      program hello
      integer anint
      common /iv/ anint
      external sigreg
      call sigreg(anint)
      end
ftn -byteswapio -Mnodclchk -o genmake_tc genmake_tc_2.f genmake_tc_1.o
genmake_tc_2.f:
 --> set HAVE_SIGREG='t'

running: check_HAVE_STAT()
cc -c genmake_tc_1.c
      program hello
      integer nbyte
      call tfsize(nbyte)
      print *," HELLO WORLD", nbyte
      end
ftn -byteswapio -Mnodclchk -o genmake_tc genmake_tc_2.f genmake_tc_1.o
 --> set HAVE_STAT='t'

running: check_netcdf_libs()
===  genmake_tnc.F  >>>
      program fgennc
#include "netcdf.inc"
      integer iret, ncid, xid
      iret = nf_create('genmake_tnc.nc', NF_CLOBBER, ncid)
      IF (iret .NE. NF_NOERR) write(*,*) NF_STRERROR(iret)
      iret = nf_def_dim(ncid, 'X', 11, xid)
      IF (iret .NE. NF_NOERR) write(*,*) NF_STRERROR(iret)
      iret = nf_close(ncid)
      IF (iret .NE. NF_NOERR) write(*,*) NF_STRERROR(iret)
      end
<<<  genmake_tnc.F  ===
cat genmake_tnc.F |  cpp -traditional -P -DWORDLENGTH=4 -DTARGET_CRAYXT -DNML_EXTENDED_F77 -DALLOW_USE_MPI -DHAVE_SYSTEM -DHAVE_FDATE -DHAVE_ETIME_FCT -DHAVE_CLOC -DHAVE_SETRLSTK -DHAVE_SIGREG -DHAVE_STAT -I/opt/cray/pe/mpt/7.4.0/gni/mpich-pgi/15.3/include -I/opt/cray/pe/netcdf/4.4.0/PGI/15.3/include
ftn  -byteswapio -Mnodclchk -tp k8-64 -pc=64 -fastsse -O3 -Mlarge_arrays -c genmake_tnc.f  \ 
  &&  ftn  -byteswapio -Mnodclchk -tp k8-64 -pc=64 -fastsse -O3 -Mlarge_arrays -o genmake_tnc.o -lfmpich -lmpich -L/opt/cray/pe/netcdf/4.4.0/PGI/15.3/lib -lnetcdf -lnetcdff
/opt/cray/pe/hdf5/1.8.16/PGI/15.3/lib/libhdf5.a(H5PL.o): In function `H5PL__open':
/b/ulib/hdf5-support/rpm/BUILD/cray-hdf5-1.8.16-pgi-serial/hdf5-1.8.16/src/./H5PL.c:588: warning: Using 'dlopen' in statically linked applications requires at runtime the shared libraries from the glibc version used for linking
check_netcdf: successful
 --> set HAVE_NETCDF='t'

running: check_HAVE_FLUSH()
  check_HAVE_FLUSH: successful
 --> set HAVE_FLUSH='t'
