
running: find_possible_optfile()
  The platform appears to be:  linux_amd64
  look for possible FORTRAN compilers
efc -o genmake_hello genmake_hello.f
../../../tools/genmake2: line 553: efc: command not found
gfortran -o genmake_hello genmake_hello.f
../../../tools/genmake2: line 553: gfortran: command not found
g77 -o genmake_hello genmake_hello.f
../../../tools/genmake2: line 553: g77: command not found
f77 -o genmake_hello genmake_hello.f
../../../tools/genmake2: line 553: f77: command not found
pgf77 -o genmake_hello genmake_hello.f
 pgf77 test successful
pgf95 -o genmake_hello genmake_hello.f
 pgf95 test successful
ifc -o genmake_hello genmake_hello.f
../../../tools/genmake2: line 553: ifc: command not found
ifort -o genmake_hello genmake_hello.f
../../../tools/genmake2: line 553: ifort: command not found
f90 -o genmake_hello genmake_hello.f
../../../tools/genmake2: line 553: f90: command not found
f95 -o genmake_hello genmake_hello.f
../../../tools/genmake2: line 553: f95: command not found
mpif77 -o genmake_hello genmake_hello.f
../../../tools/genmake2: line 553: mpif77: command not found
mpf77 -o genmake_hello genmake_hello.f
../../../tools/genmake2: line 553: mpf77: command not found
mpxlf95 -o genmake_hello genmake_hello.f
../../../tools/genmake2: line 553: mpxlf95: command not found
g95 -o genmake_hello genmake_hello.f
../../../tools/genmake2: line 553: g95: command not found
  The possible FORTRAN compilers found in your path are:  pgf77 pgf95
  Setting OPTFILE to: ../../../tools/build_options/linux_amd64_pgf77
Get compiler version using: pgf77 -V
/opt/pgi/14.2.0/linux86-64/14.2/bin/pgf77

pgf77 14.2-0 64-bit target on x86-64 Linux -tp bulldozer 
The Portland Group - PGI Compilers and Tools
Copyright (c) 2014, NVIDIA CORPORATION.  All rights reserved.
<-- compiler version ----

running: look_for_makedepend()
 --> set MAKEDEPEND=$(TOOLSDIR)/xmakedepend

running: check_HAVE_CLOC()
 running: get_fortran_c_namemangling()
 pgcc -c genmake_test.c
 pgf77 -byteswapio -Ktrap=fp -c genmake_tcomp.f
 --> set FC_NAMEMANGLE='#define FC_NAMEMANGLE(X)  X ## _'
pgcc -c genmake_tc_1.c
pgf77 -byteswapio -Ktrap=fp -o genmake_tc genmake_tc_2.f genmake_tc_1.o
genmake_tc_2.f:
  HELLO WORLD   1456501492.805020     
 --> set HAVE_CLOC='t'

running: check_HAVE_SETRLSTK()
pgcc -c genmake_tc_1.c
      program hello
      external setrlstk
      call setrlstk()
      end
pgf77 -byteswapio -Ktrap=fp -o genmake_tc genmake_tc_2.f genmake_tc_1.o
genmake_tc_2.f:
 --> set HAVE_SETRLSTK='t'

running: check_HAVE_SIGREG()
pgcc -c genmake_tc_1.c
      program hello
      integer anint
      common /iv/ anint
      external sigreg
      call sigreg(anint)
      end
pgf77 -byteswapio -Ktrap=fp -o genmake_tc genmake_tc_2.f genmake_tc_1.o
genmake_tc_2.f:
 --> set HAVE_SIGREG='t'

running: check_HAVE_STAT()
pgcc -c genmake_tc_1.c
      program hello
      integer nbyte
      call tfsize(nbyte)
      print *," HELLO WORLD", nbyte
      end
pgf77 -byteswapio -Ktrap=fp -o genmake_tc genmake_tc_2.f genmake_tc_1.o
 --> set HAVE_STAT='t'

running: check_netcdf_libs()
===  genmake_tnc.F  >>>
      program fgennc
#include "netcdf.inc"
      integer iret, ncid, xid
      iret = nf_create('genmake_tnc.nc', NF_CLOBBER, ncid)
      IF (iret .NE. NF_NOERR) write(*,*) NF_STRERROR(iret)
      iret = nf_def_dim(ncid, 'X', 11, xid)
      IF (iret .NE. NF_NOERR) write(*,*) NF_STRERROR(iret)
      iret = nf_close(ncid)
      IF (iret .NE. NF_NOERR) write(*,*) NF_STRERROR(iret)
      end
<<<  genmake_tnc.F  ===
cat genmake_tnc.F |  cpp -traditional -P -DWORDLENGTH=4 -DNML_EXTENDED_F77 -DHAVE_SYSTEM -DHAVE_FDATE -DHAVE_ETIME_FCT -DHAVE_CLOC -DHAVE_SETRLSTK -DHAVE_SIGREG -DHAVE_STAT 
  WARNING: CPP failed to pre-process the netcdf test.
    Please check that $INCLUDES is properly set.
pgf77  -byteswapio -Ktrap=fp -tp k8-64 -pc=64 -O2 -Mvect=sse -c genmake_tnc.f  \ 
  &&  pgf77  -byteswapio -Ktrap=fp -tp k8-64 -pc=64 -O2 -Mvect=sse -o genmake_tnc.o 
genmake_tnc.o: In function `fgennc':
/autofs/mnt/ncrc-svm1_home1/Elizabeth.Yankovsky/MITgcm_c65t/verification/tutorial_plume_on_slope/build/./genmake_tnc.f:6: undefined reference to `nf_create_'
/autofs/mnt/ncrc-svm1_home1/Elizabeth.Yankovsky/MITgcm_c65t/verification/tutorial_plume_on_slope/build/./genmake_tnc.f:7: undefined reference to `nf_strerror_'
/autofs/mnt/ncrc-svm1_home1/Elizabeth.Yankovsky/MITgcm_c65t/verification/tutorial_plume_on_slope/build/./genmake_tnc.f:7: undefined reference to `nf_def_dim_'
/autofs/mnt/ncrc-svm1_home1/Elizabeth.Yankovsky/MITgcm_c65t/verification/tutorial_plume_on_slope/build/./genmake_tnc.f:9: undefined reference to `nf_strerror_'
/autofs/mnt/ncrc-svm1_home1/Elizabeth.Yankovsky/MITgcm_c65t/verification/tutorial_plume_on_slope/build/./genmake_tnc.f:9: undefined reference to `nf_close_'
/autofs/mnt/ncrc-svm1_home1/Elizabeth.Yankovsky/MITgcm_c65t/verification/tutorial_plume_on_slope/build/./genmake_tnc.f:11: undefined reference to `nf_strerror_'

==> try again with added '-lnetcdf'
cat genmake_tnc.F |  cpp -traditional -P -DWORDLENGTH=4 -DNML_EXTENDED_F77 -DHAVE_SYSTEM -DHAVE_FDATE -DHAVE_ETIME_FCT -DHAVE_CLOC -DHAVE_SETRLSTK -DHAVE_SIGREG -DHAVE_STAT  > genmake_tnc.f \ 
 &&  pgf77  -byteswapio -Ktrap=fp -tp k8-64 -pc=64 -O2 -Mvect=sse -c genmake_tnc.f \ 
 &&  pgf77  -byteswapio -Ktrap=fp -tp k8-64 -pc=64 -O2 -Mvect=sse -o genmake_tnc genmake_tnc.o  -lnetcdf

==> try again with added '-lnetcdff -lnetcdf'
cat genmake_tnc.F |  cpp -traditional -P -DWORDLENGTH=4 -DNML_EXTENDED_F77 -DHAVE_SYSTEM -DHAVE_FDATE -DHAVE_ETIME_FCT -DHAVE_CLOC -DHAVE_SETRLSTK -DHAVE_SIGREG -DHAVE_STAT  > genmake_tnc.f \ 
 &&  pgf77  -byteswapio -Ktrap=fp -tp k8-64 -pc=64 -O2 -Mvect=sse -c genmake_tnc.f \ 
 &&  pgf77  -byteswapio -Ktrap=fp -tp k8-64 -pc=64 -O2 -Mvect=sse -o genmake_tnc genmake_tnc.o  -lnetcdf
 --> set HAVE_NETCDF=''

running: check_HAVE_FLUSH()
  check_HAVE_FLUSH: successful
 --> set HAVE_FLUSH='t'
